#
# A fatal error has been detected by the Java Runtime Environment:
#
#  SIGSEGV (0xb) at pc=0x00000001033dee82, pid=36540, tid=21763
#
# JRE version: Java(TM) SE Runtime Environment (7.0_79-b15) (build 1.7.0_79-b15)
# Java VM: Java HotSpot(TM) 64-Bit Server VM (24.79-b02 mixed mode bsd-amd64 compressed oops)
# Problematic frame:
# V  [libjvm.dylib+0x2b2e82]  java_lang_String::length(oopDesc*)+0x54
#
# Failed to write core dump. Core dumps have been disabled. To enable core dumping, try "ulimit -c unlimited" before starting Java again
#
# If you would like to submit a bug report, please visit:
#   http://bugreport.java.com/bugreport/crash.jsp
#

---------------  T H R E A D  ---------------

Current thread (0x00007fd62a01a000):  JavaThread "JDWP Transport Listener: dt_socket" daemon [_thread_in_vm, id=21763, stack(0x000000014fe52000,0x000000014ff52000)]

siginfo:si_signo=SIGSEGV: si_errno=0, si_code=1 (SEGV_MAPERR), si_addr=0x000000000000000c

Registers:
RAX=0x0000000000000000, RBX=0x0000000136c97058, RCX=0x000000000000000c, RDX=0x0000000000000000
RSP=0x000000014ff51a30, RBP=0x000000014ff51a30, RSI=0x00007fd629c17e50, RDI=0x0000000136c97058
R8 =0x0000000000000000, R9 =0x000000000000000b, R10=0x0000000080000002, R11=0x00007fd629c23680
R12=0x00007fd62a01a000, R13=0x00007fd629c21bd0, R14=0x0000000000000000, R15=0x0000000000000000
RIP=0x00000001033dee82, EFLAGS=0x0000000000010202, ERR=0x0000000000000004
  TRAPNO=0x000000000000000e

Top of Stack: (sp=0x000000014ff51a30)
0x000000014ff51a30:   000000014ff51a60 000000010340e7be
0x000000014ff51a40:   0000000000000000 0000000000000000
0x000000014ff51a50:   0000000136c97058 00007fd62a01a1e8
0x000000014ff51a60:   000000014ff51ad0 00000001034360a2
0x000000014ff51a70:   00007fd62a01a000 00007fd62a01a000
0x000000014ff51a80:   0000000000000000 0000000000000000
0x000000014ff51a90:   00007fd62a01a1e8 00007fd62a01a000
0x000000014ff51aa0:   00007fd62a01a000 000000014ff51b28
0x000000014ff51ab0:   00007fd629c17e50 00007fd629c21bd0
0x000000014ff51ac0:   000000014ff51cb0 00007fd62a01a1e8
0x000000014ff51ad0:   000000014ff51b00 0000000103cd74be
0x000000014ff51ae0:   000000014ff51cb0 0000000103cf7dc2
0x000000014ff51af0:   000000014ff51b28 0000000103d03588
0x000000014ff51b00:   000000014ff51d20 0000000103cde642
0x000000014ff51b10:   000002d500000013 0000000000010a00
0x000000014ff51b20:   00007fd629c21bf0 000000014ff51b78
0x000000014ff51b30:   00007fd60000012c 000000014ff51b40
0x000000014ff51b40:   00007fd600000000 000000014ff51b78
0x000000014ff51b50:   0000000000000000 00007f0000000000
0x000000014ff51b60:   000002d500000018 0000206000006a80
0x000000014ff51b70:   000000014ff51b78 0000005b01000000
0x000000014ff51b80:   0e00001b00000000 0000000004000000
0x000000014ff51b90:   5702000000000000 0400000000000000
0x000000014ff51ba0:   00000000040c0000 5902000009000000
0x000000014ff51bb0:   0e00000000000000 00000e005a020000
0x000000014ff51bc0:   0001020014000000 0018000000000000
0x000000014ff51bd0:   00e887c129d67f00 0002000000000000
0x000000014ff51be0:   0103001400000000 0e00000000000000
0x000000014ff51bf0:   4096822ad67f0000 0b00000000000000
0x000000014ff51c00:   0400140000000000 0000000000000001
0x000000014ff51c10:   96822ad67f00000e 0000000000000038
0x000000014ff51c20:   0014000000000014 0000000000000105 

Instructions: (pc=0x00000001033dee82)
0x00000001033dee62:   eb 16 48 8d 35 85 9a 4c 00 8a 4e 08 48 d3 e2 48
0x00000001033dee72:   03 16 eb 04 48 8b 14 0f 84 c0 0f 94 c0 0f b6 c0
0x00000001033dee82:   8b 44 82 0c 5d c3 8b 04 07 5d c3 90 55 48 89 e5
0x00000001033dee92:   f6 87 8d 00 00 00 02 75 04 31 ff eb 23 48 63 87 

Register to memory mapping:

RAX=0x0000000000000000 is an unknown value
RBX=0x0000000136c97058 is an oop
java.lang.String 
 - klass: 'java/lang/String'
RCX=0x000000000000000c is an unknown value
RDX=0x0000000000000000 is an unknown value
RSP=0x000000014ff51a30 is pointing into the stack for thread: 0x00007fd62a01a000
RBP=0x000000014ff51a30 is pointing into the stack for thread: 0x00007fd62a01a000
RSI=0x00007fd629c17e50 is a global jni handle
RDI=0x0000000136c97058 is an oop
java.lang.String 
 - klass: 'java/lang/String'
R8 =0x0000000000000000 is an unknown value
R9 =0x000000000000000b is an unknown value
R10=0x0000000080000002 is an unknown value
R11=0x00007fd629c23680 is an unknown value
R12=0x00007fd62a01a000 is a thread
R13=0x00007fd629c21bd0 is an unknown value
R14=0x0000000000000000 is an unknown value
R15=0x0000000000000000 is an unknown value


Stack: [0x000000014fe52000,0x000000014ff52000],  sp=0x000000014ff51a30,  free space=1022k
Native frames: (J=compiled Java code, j=interpreted, Vv=VM code, C=native code)
V  [libjvm.dylib+0x2b2e82]  java_lang_String::length(oopDesc*)+0x54
V  [libjvm.dylib+0x2e27be]  java_lang_String::utf8_length(oopDesc*)+0x38
V  [libjvm.dylib+0x30a0a2]  jni_GetStringUTFChars+0x71
C  [libjdwp.dylib+0x74be]  value+0x96
C  [libjdwp.dylib+0xe642]  debugLoop_run+0x1ce
C  [libjdwp.dylib+0x1f0e2]  attachThread+0x4d
V  [libjvm.dylib+0x37945a]  JvmtiAgentThread::call_start_function()+0x38
V  [libjvm.dylib+0x4f759d]  JavaThread::thread_main_inner()+0x9b
V  [libjvm.dylib+0x4f8ca5]  JavaThread::run()+0x1a3
V  [libjvm.dylib+0x421c4e]  java_start(Thread*)+0x126
C  [libsystem_c.dylib+0x14772]  _pthread_start+0x147
C  [libsystem_c.dylib+0x11a1]  thread_start+0xd


---------------  P R O C E S S  ---------------

Java Threads: ( => current thread )
  0x00007fd62a024800 JavaThread "Service Thread" daemon [_thread_blocked, id=24323, stack(0x0000000150361000,0x0000000150461000)]
  0x00007fd62a024000 JavaThread "C2 CompilerThread1" daemon [_thread_blocked, id=23811, stack(0x000000015025e000,0x000000015035e000)]
  0x00007fd62a01a800 JavaThread "C2 CompilerThread0" daemon [_thread_blocked, id=23299, stack(0x000000015015b000,0x000000015025b000)]
  0x00007fd62b094800 JavaThread "JDWP Command Reader" daemon [_thread_in_native, id=22787, stack(0x0000000150058000,0x0000000150158000)]
  0x00007fd62b094000 JavaThread "JDWP Event Helper Thread" daemon [_thread_blocked, id=22275, stack(0x000000014ff55000,0x0000000150055000)]
=>0x00007fd62a01a000 JavaThread "JDWP Transport Listener: dt_socket" daemon [_thread_in_vm, id=21763, stack(0x000000014fe52000,0x000000014ff52000)]
  0x00007fd62b05a800 JavaThread "Signal Dispatcher" daemon [_thread_blocked, id=21251, stack(0x000000014fd49000,0x000000014fe49000)]
  0x00007fd62b04f800 JavaThread "Finalizer" daemon [_thread_blocked, id=16387, stack(0x000000014f9e9000,0x000000014fae9000)]
  0x00007fd62b04f000 JavaThread "Reference Handler" daemon [_thread_blocked, id=15875, stack(0x000000014f8e6000,0x000000014f9e6000)]
  0x00007fd62b004000 JavaThread "main" [_thread_blocked, id=6403, stack(0x0000000103b90000,0x0000000103c90000)]

Other Threads:
  0x00007fd62b04c000 VMThread [stack: 0x000000014f7e3000,0x000000014f8e3000] [id=15363]
  0x00007fd62a014800 WatcherThread [stack: 0x0000000150464000,0x0000000150564000] [id=24835]

VM state:not at safepoint (normal execution)

VM Mutex/Monitor currently owned by a thread: None

Heap
 PSYoungGen      total 19456K, used 1352K [0x0000000136b80000, 0x0000000138100000, 0x000000014c100000)
  eden space 16896K, 8% used [0x0000000136b80000,0x0000000136cd21a8,0x0000000137c00000)
  from space 2560K, 0% used [0x0000000137e80000,0x0000000137e80000,0x0000000138100000)
  to   space 2560K, 0% used [0x0000000137c00000,0x0000000137c00000,0x0000000137e80000)
 ParOldGen       total 43520K, used 0K [0x000000010c100000, 0x000000010eb80000, 0x0000000136b80000)
  object space 43520K, 0% used [0x000000010c100000,0x000000010c100000,0x000000010eb80000)
 PSPermGen       total 21504K, used 2740K [0x0000000106f00000, 0x0000000108400000, 0x000000010c100000)
  object space 21504K, 12% used [0x0000000106f00000,0x00000001071ad1a0,0x0000000108400000)

Card table byte_map: [0x000000014c100000,0x000000014c32a000] byte_map_base: 0x000000014b8c8800

Polling page: 0x0000000103ccf000

Code Cache  [0x0000000103da6000, 0x0000000104016000, 0x0000000106da6000)
 total_blobs=176 nmethods=3 adapters=136 free_code_cache=48770Kb largest_free_block=49919936

Compilation events (6 events):
Event: 0.442 Thread 0x00007fd62a01a800    1             java.lang.String::charAt (29 bytes)
Event: 0.446 Thread 0x00007fd62a01a800 nmethod 1 0x0000000103e05c50 code [0x0000000103e05da0, 0x0000000103e05e98]
Event: 0.446 Thread 0x00007fd62a01a800    2             java.lang.String::hashCode (55 bytes)
Event: 0.448 Thread 0x00007fd62a024000    3             java.lang.String::indexOf (70 bytes)
Event: 0.449 Thread 0x00007fd62a01a800 nmethod 2 0x0000000103e05890 code [0x0000000103e059e0, 0x0000000103e05b98]
Event: 0.451 Thread 0x00007fd62a024000 nmethod 3 0x0000000103e05450 code [0x0000000103e055a0, 0x0000000103e05788]

GC Heap History (0 events):
No events

Deoptimization events (0 events):
No events

Internal exceptions (10 events):
Event: 0.447 Thread 0x00007fd62b004000 Threw 0x0000000136c7dff8 at /HUDSON/workspace/7u-2-build-macosx-x86_64/jdk7u79/2331/hotspot/src/share/vm/prims/jni.cpp:717
Event: 0.447 Thread 0x00007fd62b004000 Threw 0x0000000136c7e118 at /HUDSON/workspace/7u-2-build-macosx-x86_64/jdk7u79/2331/hotspot/src/share/vm/prims/jvm.cpp:1304
Event: 0.447 Thread 0x00007fd62b004000 Threw 0x0000000136c7e240 at /HUDSON/workspace/7u-2-build-macosx-x86_64/jdk7u79/2331/hotspot/src/share/vm/prims/jvm.cpp:1304
Event: 0.448 Thread 0x00007fd62b004000 Threw 0x0000000136c7ef00 at /HUDSON/workspace/7u-2-build-macosx-x86_64/jdk7u79/2331/hotspot/src/share/vm/prims/jni.cpp:717
Event: 0.448 Thread 0x00007fd62b004000 Threw 0x0000000136c7f020 at /HUDSON/workspace/7u-2-build-macosx-x86_64/jdk7u79/2331/hotspot/src/share/vm/prims/jvm.cpp:1304
Event: 0.448 Thread 0x00007fd62b004000 Threw 0x0000000136c7f148 at /HUDSON/workspace/7u-2-build-macosx-x86_64/jdk7u79/2331/hotspot/src/share/vm/prims/jvm.cpp:1304
Event: 0.452 Thread 0x00007fd62b004000 Threw 0x0000000136c91af8 at /HUDSON/workspace/7u-2-build-macosx-x86_64/jdk7u79/2331/hotspot/src/share/vm/prims/jni.cpp:717
Event: 0.452 Thread 0x00007fd62b004000 Threw 0x0000000136c91c18 at /HUDSON/workspace/7u-2-build-macosx-x86_64/jdk7u79/2331/hotspot/src/share/vm/prims/jvm.cpp:1304
Event: 0.452 Thread 0x00007fd62b004000 Threw 0x0000000136c91d40 at /HUDSON/workspace/7u-2-build-macosx-x86_64/jdk7u79/2331/hotspot/src/share/vm/prims/jvm.cpp:1304
Event: 0.452 Thread 0x00007fd62b004000 Threw 0x0000000136c91f90 at /HUDSON/workspace/7u-2-build-macosx-x86_64/jdk7u79/2331/hotspot/src/share/vm/prims/jvm.cpp:1304

Events (10 events):
Event: 43.454 Executing VM operation: ChangeSingleStep
Event: 43.454 Executing VM operation: ChangeSingleStep done
Event: 43.455 Executing VM operation: ChangeSingleStep
Event: 43.455 Executing VM operation: ChangeSingleStep done
Event: 43.622 Executing VM operation: GetOrSetLocal
Event: 43.622 Executing VM operation: GetOrSetLocal done
Event: 43.937 Executing VM operation: GetOrSetLocal
Event: 43.937 Executing VM operation: GetOrSetLocal done
Event: 43.938 Executing VM operation: GetOrSetLocal
Event: 43.938 Executing VM operation: GetOrSetLocal done


Dynamic libraries:
0x000000000b962000 	/System/Library/Frameworks/Cocoa.framework/Versions/A/Cocoa
0x000000000b962000 	/System/Library/Frameworks/Security.framework/Versions/A/Security
0x000000000b962000 	/System/Library/Frameworks/ApplicationServices.framework/Versions/A/ApplicationServices
0x000000000b962000 	/usr/lib/libz.1.dylib
0x000000000b962000 	/usr/lib/libSystem.B.dylib
0x000000000b962000 	/usr/lib/libobjc.A.dylib
0x000000000b962000 	/System/Library/Frameworks/CoreFoundation.framework/Versions/A/CoreFoundation
0x000000000b962000 	/System/Library/Frameworks/Foundation.framework/Versions/C/Foundation
0x000000000b962000 	/System/Library/Frameworks/AppKit.framework/Versions/C/AppKit
0x000000000b962000 	/System/Library/Frameworks/CoreData.framework/Versions/A/CoreData
0x000000000b962000 	/System/Library/PrivateFrameworks/RemoteViewServices.framework/Versions/A/RemoteViewServices
0x000000000b962000 	/System/Library/Frameworks/AudioToolbox.framework/Versions/A/AudioToolbox
0x000000000b962000 	/System/Library/Frameworks/AudioUnit.framework/Versions/A/AudioUnit
0x000000000b962000 	/System/Library/PrivateFrameworks/DataDetectorsCore.framework/Versions/A/DataDetectorsCore
0x000000000b962000 	/System/Library/PrivateFrameworks/DesktopServicesPriv.framework/Versions/A/DesktopServicesPriv
0x000000000b962000 	/System/Library/Frameworks/Carbon.framework/Versions/A/Frameworks/HIToolbox.framework/Versions/A/HIToolbox
0x000000000b962000 	/System/Library/Frameworks/QuartzCore.framework/Versions/A/QuartzCore
0x000000000b962000 	/System/Library/Frameworks/Carbon.framework/Versions/A/Frameworks/SpeechRecognition.framework/Versions/A/SpeechRecognition
0x000000000b962000 	/usr/lib/libauto.dylib
0x000000000b962000 	/usr/lib/libicucore.A.dylib
0x000000000b962000 	/usr/lib/libxml2.2.dylib
0x000000000b962000 	/System/Library/PrivateFrameworks/CoreUI.framework/Versions/A/CoreUI
0x000000000b962000 	/System/Library/Frameworks/CoreAudio.framework/Versions/A/CoreAudio
0x000000000b962000 	/System/Library/Frameworks/DiskArbitration.framework/Versions/A/DiskArbitration
0x000000000b962000 	/usr/lib/liblangid.dylib
0x000000000b962000 	/System/Library/PrivateFrameworks/MultitouchSupport.framework/Versions/A/MultitouchSupport
0x000000000b962000 	/System/Library/Frameworks/IOKit.framework/Versions/A/IOKit
0x000000000b962000 	/usr/lib/libDiagnosticMessagesClient.dylib
0x000000000b962000 	/System/Library/Frameworks/CoreServices.framework/Versions/A/CoreServices
0x000000000b962000 	/System/Library/PrivateFrameworks/PerformanceAnalysis.framework/Versions/A/PerformanceAnalysis
0x000000000b962000 	/System/Library/PrivateFrameworks/GenerationalStorage.framework/Versions/A/GenerationalStorage
0x000000000b962000 	/System/Library/Frameworks/OpenGL.framework/Versions/A/OpenGL
0x000000000b962000 	/System/Library/Frameworks/CoreText.framework/Versions/A/CoreText
0x000000000b962000 	/System/Library/Frameworks/ImageIO.framework/Versions/A/ImageIO
0x000000000b962000 	/System/Library/PrivateFrameworks/Backup.framework/Versions/A/Backup
0x000000000b962000 	/System/Library/Frameworks/CFNetwork.framework/Versions/A/CFNetwork
0x000000000b962000 	/System/Library/Frameworks/SystemConfiguration.framework/Versions/A/SystemConfiguration
0x000000000b962000 	/usr/lib/libCRFSuite.dylib
0x000000000b962000 	/System/Library/PrivateFrameworks/TCC.framework/Versions/A/TCC
0x000000000b962000 	/usr/lib/libc++.1.dylib
0x000000000b962000 	/usr/lib/libc++abi.dylib
0x000000000b962000 	/usr/lib/system/libcache.dylib
0x000000000b962000 	/usr/lib/system/libcommonCrypto.dylib
0x000000000b962000 	/usr/lib/system/libcompiler_rt.dylib
0x000000000b962000 	/usr/lib/system/libcopyfile.dylib
0x000000000b962000 	/usr/lib/system/libdispatch.dylib
0x000000000b962000 	/usr/lib/system/libdnsinfo.dylib
0x000000000b962000 	/usr/lib/system/libdyld.dylib
0x000000000b962000 	/usr/lib/system/libkeymgr.dylib
0x000000000b962000 	/usr/lib/system/liblaunch.dylib
0x000000000b962000 	/usr/lib/system/libmacho.dylib
0x000000000b962000 	/usr/lib/system/libquarantine.dylib
0x000000000b962000 	/usr/lib/system/libremovefile.dylib
0x000000000b962000 	/usr/lib/system/libsystem_blocks.dylib
0x000000000b962000 	/usr/lib/system/libsystem_c.dylib
0x000000000b962000 	/usr/lib/system/libsystem_dnssd.dylib
0x000000000b962000 	/usr/lib/system/libsystem_info.dylib
0x000000000b962000 	/usr/lib/system/libsystem_kernel.dylib
0x000000000b962000 	/usr/lib/system/libsystem_m.dylib
0x000000000b962000 	/usr/lib/system/libsystem_network.dylib
0x000000000b962000 	/usr/lib/system/libsystem_notify.dylib
0x000000000b962000 	/usr/lib/system/libsystem_sandbox.dylib
0x000000000b962000 	/usr/lib/system/libunc.dylib
0x000000000b962000 	/usr/lib/system/libunwind.dylib
0x000000000b962000 	/usr/lib/system/libxpc.dylib
0x000000000b962000 	/usr/lib/system/libcorecrypto.dylib
0x000000000b962000 	/usr/lib/libstdc++.6.dylib
0x000000000b962000 	/usr/lib/libbsm.0.dylib
0x000000000b962000 	/usr/lib/libsqlite3.dylib
0x000000000b962000 	/usr/lib/libxar.1.dylib
0x000000000b962000 	/usr/lib/libpam.2.dylib
0x000000000b962000 	/usr/lib/libOpenScriptingUtil.dylib
0x000000000b962000 	/usr/lib/libbz2.1.0.dylib
0x000000000b962000 	/System/Library/Frameworks/CoreServices.framework/Versions/A/Frameworks/CarbonCore.framework/Versions/A/CarbonCore
0x000000000b962000 	/System/Library/Frameworks/CoreServices.framework/Versions/A/Frameworks/Metadata.framework/Versions/A/Metadata
0x000000000b962000 	/System/Library/Frameworks/CoreServices.framework/Versions/A/Frameworks/OSServices.framework/Versions/A/OSServices
0x000000000b962000 	/System/Library/Frameworks/CoreServices.framework/Versions/A/Frameworks/SearchKit.framework/Versions/A/SearchKit
0x000000000b962000 	/System/Library/Frameworks/CoreServices.framework/Versions/A/Frameworks/AE.framework/Versions/A/AE
0x000000000b962000 	/System/Library/Frameworks/CoreServices.framework/Versions/A/Frameworks/LaunchServices.framework/Versions/A/LaunchServices
0x000000000b962000 	/System/Library/Frameworks/CoreServices.framework/Versions/A/Frameworks/DictionaryServices.framework/Versions/A/DictionaryServices
0x000000000b962000 	/System/Library/Frameworks/NetFS.framework/Versions/A/NetFS
0x000000000b962000 	/usr/lib/system/libkxld.dylib
0x000000000b962000 	/System/Library/PrivateFrameworks/NetAuth.framework/Versions/A/NetAuth
0x000000000b962000 	/System/Library/Frameworks/OpenDirectory.framework/Versions/A/Frameworks/CFOpenDirectory.framework/Versions/A/CFOpenDirectory
0x000000000b962000 	/usr/lib/libxslt.1.dylib
0x000000000b962000 	/System/Library/PrivateFrameworks/FamilyControls.framework/Versions/A/FamilyControls
0x000000000b962000 	/System/Library/Frameworks/Carbon.framework/Versions/A/Frameworks/Ink.framework/Versions/A/Ink
0x000000000b962000 	/System/Library/Frameworks/ApplicationServices.framework/Versions/A/Frameworks/CoreGraphics.framework/Versions/A/CoreGraphics
0x000000000b962000 	/System/Library/Frameworks/ApplicationServices.framework/Versions/A/Frameworks/ATS.framework/Versions/A/ATS
0x000000000b962000 	/System/Library/Frameworks/ApplicationServices.framework/Versions/A/Frameworks/ColorSync.framework/Versions/A/ColorSync
0x000000000b962000 	/System/Library/Frameworks/ApplicationServices.framework/Versions/A/Frameworks/HIServices.framework/Versions/A/HIServices
0x000000000b962000 	/System/Library/Frameworks/ApplicationServices.framework/Versions/A/Frameworks/LangAnalysis.framework/Versions/A/LangAnalysis
0x000000000b962000 	/System/Library/Frameworks/ApplicationServices.framework/Versions/A/Frameworks/PrintCore.framework/Versions/A/PrintCore
0x000000000b962000 	/System/Library/Frameworks/ApplicationServices.framework/Versions/A/Frameworks/QD.framework/Versions/A/QD
0x000000000b962000 	/System/Library/Frameworks/ApplicationServices.framework/Versions/A/Frameworks/SpeechSynthesis.framework/Versions/A/SpeechSynthesis
0x000000000b962000 	/System/Library/Frameworks/IOSurface.framework/Versions/A/IOSurface
0x000000000b962000 	/System/Library/Frameworks/Accelerate.framework/Versions/A/Accelerate
0x000000000b962000 	/System/Library/Frameworks/ApplicationServices.framework/Versions/A/Frameworks/ATS.framework/Versions/A/Resources/libFontParser.dylib
0x000000000b962000 	/System/Library/Frameworks/ApplicationServices.framework/Versions/A/Frameworks/ATS.framework/Versions/A/Resources/libFontRegistry.dylib
0x000000000b962000 	/System/Library/Frameworks/Accelerate.framework/Versions/A/Frameworks/vImage.framework/Versions/A/vImage
0x000000000b962000 	/System/Library/Frameworks/Accelerate.framework/Versions/A/Frameworks/vecLib.framework/Versions/A/vecLib
0x000000000b962000 	/System/Library/Frameworks/Accelerate.framework/Versions/A/Frameworks/vecLib.framework/Versions/A/libvDSP.dylib
0x000000000b962000 	/System/Library/Frameworks/Accelerate.framework/Versions/A/Frameworks/vecLib.framework/Versions/A/libvMisc.dylib
0x000000000b962000 	/System/Library/Frameworks/Accelerate.framework/Versions/A/Frameworks/vecLib.framework/Versions/A/libLAPACK.dylib
0x000000000b962000 	/System/Library/Frameworks/Accelerate.framework/Versions/A/Frameworks/vecLib.framework/Versions/A/libBLAS.dylib
0x000000000b962000 	/System/Library/Frameworks/ImageIO.framework/Versions/A/Resources/libJPEG.dylib
0x000000000b962000 	/System/Library/Frameworks/ImageIO.framework/Versions/A/Resources/libTIFF.dylib
0x000000000b962000 	/System/Library/Frameworks/ImageIO.framework/Versions/A/Resources/libPng.dylib
0x000000000b962000 	/System/Library/Frameworks/ImageIO.framework/Versions/A/Resources/libGIF.dylib
0x000000000b962000 	/System/Library/Frameworks/ImageIO.framework/Versions/A/Resources/libJP2.dylib
0x000000000b962000 	/System/Library/Frameworks/ImageIO.framework/Versions/A/Resources/libRadiance.dylib
0x000000000b962000 	/usr/lib/libcups.2.dylib
0x000000000b962000 	/System/Library/Frameworks/Kerberos.framework/Versions/A/Kerberos
0x000000000b962000 	/System/Library/Frameworks/GSS.framework/Versions/A/GSS
0x000000000b962000 	/usr/lib/libresolv.9.dylib
0x000000000b962000 	/usr/lib/libiconv.2.dylib
0x000000000b962000 	/System/Library/PrivateFrameworks/Heimdal.framework/Versions/A/Heimdal
0x000000000b962000 	/System/Library/PrivateFrameworks/TrustEvaluationAgent.framework/Versions/A/TrustEvaluationAgent
0x000000000b962000 	/System/Library/Frameworks/OpenDirectory.framework/Versions/A/OpenDirectory
0x000000000b962000 	/System/Library/PrivateFrameworks/CommonAuth.framework/Versions/A/CommonAuth
0x000000000b962000 	/System/Library/PrivateFrameworks/Bom.framework/Versions/A/Bom
0x000000000b962000 	/System/Library/Frameworks/CoreVideo.framework/Versions/A/CoreVideo
0x000000000b962000 	/System/Library/Frameworks/QuartzCore.framework/Versions/A/Frameworks/CoreImage.framework/Versions/A/CoreImage
0x000000000b962000 	/System/Library/Frameworks/QuartzCore.framework/Versions/A/Frameworks/ScalableUserInterface.framework/Versions/A/ScalableUserInterface
0x000000000b962000 	/System/Library/Frameworks/OpenGL.framework/Versions/A/Libraries/libGLU.dylib
0x000000000b962000 	/System/Library/Frameworks/OpenGL.framework/Versions/A/Libraries/libGFXShared.dylib
0x000000000b962000 	/System/Library/Frameworks/OpenGL.framework/Versions/A/Libraries/libGL.dylib
0x000000000b962000 	/System/Library/Frameworks/OpenGL.framework/Versions/A/Libraries/libGLImage.dylib
0x000000000b962000 	/System/Library/Frameworks/OpenGL.framework/Versions/A/Libraries/libCVMSPluginSupport.dylib
0x000000000b962000 	/System/Library/Frameworks/OpenGL.framework/Versions/A/Libraries/libCoreVMClient.dylib
0x000000000b962000 	/System/Library/PrivateFrameworks/CrashReporterSupport.framework/Versions/A/CrashReporterSupport
0x000000000b962000 	/System/Library/Frameworks/OpenCL.framework/Versions/A/OpenCL
0x000000000b962000 	/System/Library/PrivateFrameworks/FaceCoreLight.framework/Versions/A/FaceCoreLight
0x000000000b962000 	/System/Library/PrivateFrameworks/AppleFSCompression.framework/Versions/A/AppleFSCompression
0x000000000b962000 	/System/Library/PrivateFrameworks/Ubiquity.framework/Versions/A/Ubiquity
0x000000000b962000 	/System/Library/Frameworks/ServiceManagement.framework/Versions/A/ServiceManagement
0x000000000b962000 	/System/Library/PrivateFrameworks/ChunkingLibrary.framework/Versions/A/ChunkingLibrary
0x000000000b962000 	/System/Library/Frameworks/vecLib.framework/Versions/A/vecLib
0x000000000b962000 	/System/Library/Frameworks/SecurityFoundation.framework/Versions/A/SecurityFoundation
0x000000000b962000 	/System/Library/PrivateFrameworks/CommerceKit.framework/Versions/A/Frameworks/CommerceCore.framework/Versions/A/CommerceCore
0x000000000b962000 	/System/Library/PrivateFrameworks/CoreSymbolication.framework/Versions/A/CoreSymbolication
0x000000000b962000 	/System/Library/PrivateFrameworks/Symbolication.framework/Versions/A/Symbolication
0x000000000b962000 	/System/Library/PrivateFrameworks/DebugSymbols.framework/Versions/A/DebugSymbols
0x000000010312c000 	/Library/Java/JavaVirtualMachines/jdk1.7.0_79.jdk/Contents/Home/jre/lib/server/libjvm.dylib
0x0000000103c92000 	/Library/Java/JavaVirtualMachines/jdk1.7.0_79.jdk/Contents/Home/jre/lib/libverify.dylib
0x0000000103c9f000 	/Library/Java/JavaVirtualMachines/jdk1.7.0_79.jdk/Contents/Home/jre/lib/libjava.dylib
0x0000000103cd0000 	/Library/Java/JavaVirtualMachines/jdk1.7.0_79.jdk/Contents/Home/jre/lib/libjdwp.dylib
0x0000000103d0d000 	/Library/Java/JavaVirtualMachines/jdk1.7.0_79.jdk/Contents/Home/jre/lib/libnpt.dylib
0x0000000103d9d000 	/Library/Java/JavaVirtualMachines/jdk1.7.0_79.jdk/Contents/Home/jre/lib/libzip.dylib
0x000000014faeb000 	/System/Library/Frameworks/JavaVM.framework/Frameworks/JavaRuntimeSupport.framework/JavaRuntimeSupport
0x000000014fb03000 	/System/Library/Frameworks/JavaVM.framework/Versions/A/Frameworks/JavaNativeFoundation.framework/Versions/A/JavaNativeFoundation
0x000000014fb18000 	/System/Library/Frameworks/JavaVM.framework/Versions/A/JavaVM
0x000000000b962000 	/System/Library/Frameworks/Carbon.framework/Versions/A/Carbon
0x000000014fb25000 	/System/Library/PrivateFrameworks/JavaLaunching.framework/Versions/A/JavaLaunching
0x000000000b962000 	/System/Library/Frameworks/Carbon.framework/Versions/A/Frameworks/CommonPanels.framework/Versions/A/CommonPanels
0x000000000b962000 	/System/Library/Frameworks/Carbon.framework/Versions/A/Frameworks/Help.framework/Versions/A/Help
0x000000000b962000 	/System/Library/Frameworks/Carbon.framework/Versions/A/Frameworks/ImageCapture.framework/Versions/A/ImageCapture
0x000000000b962000 	/System/Library/Frameworks/Carbon.framework/Versions/A/Frameworks/OpenScripting.framework/Versions/A/OpenScripting
0x000000000b962000 	/System/Library/Frameworks/Carbon.framework/Versions/A/Frameworks/Print.framework/Versions/A/Print
0x000000000b962000 	/System/Library/Frameworks/Carbon.framework/Versions/A/Frameworks/SecurityHI.framework/Versions/A/SecurityHI
0x000000014fe4b000 	/Library/Java/JavaVirtualMachines/jdk1.7.0_79.jdk/Contents/Home/jre/lib/libdt_socket.dylib

VM Arguments:
jvm_args: -agentlib:jdwp=transport=dt_socket,suspend=y,address=localhost:57322 -Dfile.encoding=MacRoman 
java_command: RecursiveAnagram
Launcher Type: SUN_STANDARD

Environment Variables:
PATH=/usr/bin:/bin:/usr/sbin:/sbin
SHELL=/bin/bash

Signal Handlers:
SIGSEGV: [libjvm.dylib+0x52daf1], sa_mask[0]=0xfffefeff, sa_flags=0x00000043
SIGBUS: [libjvm.dylib+0x52daf1], sa_mask[0]=0xfffefeff, sa_flags=0x00000042
SIGFPE: [libjvm.dylib+0x41f34e], sa_mask[0]=0xfffefeff, sa_flags=0x00000042
SIGPIPE: [libjvm.dylib+0x41f34e], sa_mask[0]=0xfffefeff, sa_flags=0x00000042
SIGXFSZ: [libjvm.dylib+0x41f34e], sa_mask[0]=0xfffefeff, sa_flags=0x00000042
SIGILL: [libjvm.dylib+0x41f34e], sa_mask[0]=0xfffefeff, sa_flags=0x00000042
SIGUSR1: SIG_DFL, sa_mask[0]=0x00000000, sa_flags=0x00000002
SIGUSR2: [libjvm.dylib+0x41ee40], sa_mask[0]=0x00000004, sa_flags=0x00000042
SIGHUP: [libjvm.dylib+0x41d0d1], sa_mask[0]=0xfffefeff, sa_flags=0x00000042
SIGINT: [libjvm.dylib+0x41d0d1], sa_mask[0]=0xfffefeff, sa_flags=0x00000042
SIGTERM: [libjvm.dylib+0x41d0d1], sa_mask[0]=0xfffefeff, sa_flags=0x00000042
SIGQUIT: [libjvm.dylib+0x41d0d1], sa_mask[0]=0xfffefeff, sa_flags=0x00000042


---------------  S Y S T E M  ---------------

OS:Bsduname:Darwin 12.6.0 Darwin Kernel Version 12.6.0: Wed Mar 18 16:23:48 PDT 2015; root:xnu-2050.48.19~1/RELEASE_X86_64 x86_64
rlimit: STACK 8192k, CORE 0k, NPROC 709, NOFILE 10240, AS infinity
load average:0.47 0.53 0.49

CPU:total 2 (2 cores per cpu, 1 threads per core) family 6 model 23 stepping 10, cmov, cx8, fxsr, mmx, sse, sse2, sse3, ssse3, sse4.1, tsc

Memory: 4k page, physical 4194304k(1048576k free)

/proc/meminfo:


vm_info: Java HotSpot(TM) 64-Bit Server VM (24.79-b02) for bsd-amd64 JRE (1.7.0_79-b15), built on Apr 10 2015 11:35:04 by "java_re" with gcc 4.2.1 (Based on Apple Inc. build 5658) (LLVM build 2336.11.00)

time: Thu Jan 19 11:21:49 2017
elapsed time: 43 seconds

