#
# A fatal error has been detected by the Java Runtime Environment:
#
#  SIGSEGV (0xb) at pc=0x00000001022dae82, pid=36543, tid=21507
#
# JRE version: Java(TM) SE Runtime Environment (7.0_79-b15) (build 1.7.0_79-b15)
# Java VM: Java HotSpot(TM) 64-Bit Server VM (24.79-b02 mixed mode bsd-amd64 compressed oops)
# Problematic frame:
# V  [libjvm.dylib+0x2b2e82]  java_lang_String::length(oopDesc*)+0x54
#
# Failed to write core dump. Core dumps have been disabled. To enable core dumping, try "ulimit -c unlimited" before starting Java again
#
# If you would like to submit a bug report, please visit:
#   http://bugreport.java.com/bugreport/crash.jsp
#

---------------  T H R E A D  ---------------

Current thread (0x00007fe969816000):  JavaThread "JDWP Transport Listener: dt_socket" daemon [_thread_in_vm, id=21507, stack(0x000000014eccf000,0x000000014edcf000)]

siginfo:si_signo=SIGSEGV: si_errno=0, si_code=1 (SEGV_MAPERR), si_addr=0x000000000000000c

Registers:
RAX=0x0000000000000000, RBX=0x0000000135beb638, RCX=0x000000000000000c, RDX=0x0000000000000000
RSP=0x000000014edcea30, RBP=0x000000014edcea30, RSI=0x00007fe96a02b658, RDI=0x0000000135beb638
R8 =0x0000000000000000, R9 =0x0000000000000010, R10=0x0000000000000190, R11=0x00007fe96a0331e0
R12=0x00007fe969816000, R13=0x00007fe9694307c0, R14=0x0000000000000000, R15=0x0000000000000000
RIP=0x00000001022dae82, EFLAGS=0x0000000000010202, ERR=0x0000000000000004
  TRAPNO=0x000000000000000e

Top of Stack: (sp=0x000000014edcea30)
0x000000014edcea30:   000000014edcea60 000000010230a7be
0x000000014edcea40:   0000000000000000 0000000000000000
0x000000014edcea50:   0000000135beb638 00007fe9698161e8
0x000000014edcea60:   000000014edcead0 00000001023320a2
0x000000014edcea70:   00007fe969816000 00007fe969816000
0x000000014edcea80:   0000000000000000 0000000000000000
0x000000014edcea90:   00007fe9698161e8 00007fe969816000
0x000000014edceaa0:   00007fe969816000 000000014edceb28
0x000000014edceab0:   00007fe96a02b658 00007fe9694307c0
0x000000014edceac0:   000000014edcecb0 00007fe9698161e8
0x000000014edcead0:   000000014edceb00 0000000102bd34be
0x000000014edceae0:   000000014edcecb0 0000000102bf3dc2
0x000000014edceaf0:   000000014edceb28 0000000102bff588
0x000000014edceb00:   000000014edced20 0000000102bda642
0x000000014edceb10:   0000040000000013 0000000000010a00
0x000000014edceb20:   00007fe969405350 000000014edceb78
0x000000014edceb30:   00007fe90000012c 000000014edceb40
0x000000014edceb40:   00007fe900000000 000000014edceb78
0x000000014edceb50:   0000000000000000 0000000000000000
0x000000014edceb60:   0000040000000011 0000000000000080
0x000000014edceb70:   000000014edceb78 0000015a01000000
0x000000014edceb80:   0e00001f00000000 0000000004000000
0x000000014edceb90:   5702000000000000 0400000000000000
0x000000014edceba0:   00000000040c0000 5902000009000000
0x000000014edcebb0:   0e00000000000000 00000e005a020000
0x000000014edcebc0:   0001020007000000 0016000000000000
0x000000014edcebd0:   0040be016ae97f00 0002000000000000
0x000000014edcebe0:   0103000700000000 0e00000000000000
0x000000014edcebf0:   f0bd016ae97f0000 0b00000000000000
0x000000014edcec00:   0400070000000000 0000000000000001
0x000000014edcec10:   bd016ae97f00000e 00000000000000e8
0x000000014edcec20:   0007000000000014 0000000000000105 

Instructions: (pc=0x00000001022dae82)
0x00000001022dae62:   eb 16 48 8d 35 85 9a 4c 00 8a 4e 08 48 d3 e2 48
0x00000001022dae72:   03 16 eb 04 48 8b 14 0f 84 c0 0f 94 c0 0f b6 c0
0x00000001022dae82:   8b 44 82 0c 5d c3 8b 04 07 5d c3 90 55 48 89 e5
0x00000001022dae92:   f6 87 8d 00 00 00 02 75 04 31 ff eb 23 48 63 87 

Register to memory mapping:

RAX=0x0000000000000000 is an unknown value
RBX=0x0000000135beb638 is an oop
java.lang.String 
 - klass: 'java/lang/String'
RCX=0x000000000000000c is an unknown value
RDX=0x0000000000000000 is an unknown value
RSP=0x000000014edcea30 is pointing into the stack for thread: 0x00007fe969816000
RBP=0x000000014edcea30 is pointing into the stack for thread: 0x00007fe969816000
RSI=0x00007fe96a02b658 is a global jni handle
RDI=0x0000000135beb638 is an oop
java.lang.String 
 - klass: 'java/lang/String'
R8 =0x0000000000000000 is an unknown value
R9 =0x0000000000000010 is an unknown value
R10=0x0000000000000190 is an unknown value
R11=0x00007fe96a0331e0 is an unknown value
R12=0x00007fe969816000 is a thread
R13=0x00007fe9694307c0 is an unknown value
R14=0x0000000000000000 is an unknown value
R15=0x0000000000000000 is an unknown value


Stack: [0x000000014eccf000,0x000000014edcf000],  sp=0x000000014edcea30,  free space=1022k
Native frames: (J=compiled Java code, j=interpreted, Vv=VM code, C=native code)
V  [libjvm.dylib+0x2b2e82]  java_lang_String::length(oopDesc*)+0x54
V  [libjvm.dylib+0x2e27be]  java_lang_String::utf8_length(oopDesc*)+0x38
V  [libjvm.dylib+0x30a0a2]  jni_GetStringUTFChars+0x71
C  [libjdwp.dylib+0x74be]  value+0x96
C  [libjdwp.dylib+0xe642]  debugLoop_run+0x1ce
C  [libjdwp.dylib+0x1f0e2]  attachThread+0x4d
V  [libjvm.dylib+0x37945a]  JvmtiAgentThread::call_start_function()+0x38
V  [libjvm.dylib+0x4f759d]  JavaThread::thread_main_inner()+0x9b
V  [libjvm.dylib+0x4f8ca5]  JavaThread::run()+0x1a3
V  [libjvm.dylib+0x421c4e]  java_start(Thread*)+0x126
C  [libsystem_c.dylib+0x14772]  _pthread_start+0x147
C  [libsystem_c.dylib+0x11a1]  thread_start+0xd


---------------  P R O C E S S  ---------------

Java Threads: ( => current thread )
  0x00007fe969826800 JavaThread "Service Thread" daemon [_thread_blocked, id=24067, stack(0x000000014f1de000,0x000000014f2de000)]
  0x00007fe969818000 JavaThread "C2 CompilerThread1" daemon [_thread_blocked, id=23555, stack(0x000000014f0db000,0x000000014f1db000)]
  0x00007fe969813000 JavaThread "C2 CompilerThread0" daemon [_thread_blocked, id=23043, stack(0x000000014efd8000,0x000000014f0d8000)]
  0x00007fe96a86c800 JavaThread "JDWP Command Reader" daemon [_thread_in_native, id=22531, stack(0x000000014eed5000,0x000000014efd5000)]
  0x00007fe96a86b800 JavaThread "JDWP Event Helper Thread" daemon [_thread_blocked, id=22019, stack(0x000000014edd2000,0x000000014eed2000)]
=>0x00007fe969816000 JavaThread "JDWP Transport Listener: dt_socket" daemon [_thread_in_vm, id=21507, stack(0x000000014eccf000,0x000000014edcf000)]
  0x00007fe96a867800 JavaThread "Signal Dispatcher" daemon [_thread_blocked, id=20995, stack(0x000000014ebc6000,0x000000014ecc6000)]
  0x00007fe96a85a000 JavaThread "Finalizer" daemon [_thread_blocked, id=16387, stack(0x000000014e8e9000,0x000000014e9e9000)]
  0x00007fe96a853800 JavaThread "Reference Handler" daemon [_thread_blocked, id=15875, stack(0x000000014e7e6000,0x000000014e8e6000)]
  0x00007fe96a809800 JavaThread "main" [_thread_blocked, id=6403, stack(0x0000000102a8c000,0x0000000102b8c000)]

Other Threads:
  0x00007fe969814000 VMThread [stack: 0x000000014e6e3000,0x000000014e7e3000] [id=15363]
  0x00007fe96a86d000 WatcherThread [stack: 0x000000014f2e1000,0x000000014f3e1000] [id=24579]

VM state:not at safepoint (normal execution)

VM Mutex/Monitor currently owned by a thread: None

Heap
 PSYoungGen      total 19456K, used 1690K [0x0000000135a80000, 0x0000000137000000, 0x000000014b000000)
  eden space 16896K, 10% used [0x0000000135a80000,0x0000000135c26a88,0x0000000136b00000)
  from space 2560K, 0% used [0x0000000136d80000,0x0000000136d80000,0x0000000137000000)
  to   space 2560K, 0% used [0x0000000136b00000,0x0000000136b00000,0x0000000136d80000)
 ParOldGen       total 43520K, used 0K [0x000000010b000000, 0x000000010da80000, 0x0000000135a80000)
  object space 43520K, 0% used [0x000000010b000000,0x000000010b000000,0x000000010da80000)
 PSPermGen       total 21504K, used 2740K [0x0000000105e00000, 0x0000000107300000, 0x000000010b000000)
  object space 21504K, 12% used [0x0000000105e00000,0x00000001060ad1a0,0x0000000107300000)

Card table byte_map: [0x000000014b000000,0x000000014b22a000] byte_map_base: 0x000000014a7d1000

Polling page: 0x0000000102bcb000

Code Cache  [0x0000000102ca2000, 0x0000000102f12000, 0x0000000105ca2000)
 total_blobs=176 nmethods=3 adapters=136 free_code_cache=48770Kb largest_free_block=49919872

Compilation events (6 events):
Event: 0.157 Thread 0x00007fe969813000    1             java.lang.String::charAt (29 bytes)
Event: 0.157 Thread 0x00007fe969818000    2             java.lang.String::hashCode (55 bytes)
Event: 0.162 Thread 0x00007fe969813000 nmethod 1 0x0000000102d01c50 code [0x0000000102d01da0, 0x0000000102d01e98]
Event: 0.162 Thread 0x00007fe969813000    3             java.lang.String::indexOf (70 bytes)
Event: 0.164 Thread 0x00007fe969813000 nmethod 3 0x0000000102d01810 code [0x0000000102d01960, 0x0000000102d01b48]
Event: 0.166 Thread 0x00007fe969818000 nmethod 2 0x0000000102d01450 code [0x0000000102d015a0, 0x0000000102d01758]

GC Heap History (0 events):
No events

Deoptimization events (0 events):
No events

Internal exceptions (10 events):
Event: 0.163 Thread 0x00007fe96a809800 Threw 0x0000000135bd25d8 at /HUDSON/workspace/7u-2-build-macosx-x86_64/jdk7u79/2331/hotspot/src/share/vm/prims/jni.cpp:717
Event: 0.163 Thread 0x00007fe96a809800 Threw 0x0000000135bd26f8 at /HUDSON/workspace/7u-2-build-macosx-x86_64/jdk7u79/2331/hotspot/src/share/vm/prims/jvm.cpp:1304
Event: 0.163 Thread 0x00007fe96a809800 Threw 0x0000000135bd2820 at /HUDSON/workspace/7u-2-build-macosx-x86_64/jdk7u79/2331/hotspot/src/share/vm/prims/jvm.cpp:1304
Event: 0.164 Thread 0x00007fe96a809800 Threw 0x0000000135bd34e0 at /HUDSON/workspace/7u-2-build-macosx-x86_64/jdk7u79/2331/hotspot/src/share/vm/prims/jni.cpp:717
Event: 0.164 Thread 0x00007fe96a809800 Threw 0x0000000135bd3600 at /HUDSON/workspace/7u-2-build-macosx-x86_64/jdk7u79/2331/hotspot/src/share/vm/prims/jvm.cpp:1304
Event: 0.164 Thread 0x00007fe96a809800 Threw 0x0000000135bd3728 at /HUDSON/workspace/7u-2-build-macosx-x86_64/jdk7u79/2331/hotspot/src/share/vm/prims/jvm.cpp:1304
Event: 0.167 Thread 0x00007fe96a809800 Threw 0x0000000135be60d8 at /HUDSON/workspace/7u-2-build-macosx-x86_64/jdk7u79/2331/hotspot/src/share/vm/prims/jni.cpp:717
Event: 0.167 Thread 0x00007fe96a809800 Threw 0x0000000135be61f8 at /HUDSON/workspace/7u-2-build-macosx-x86_64/jdk7u79/2331/hotspot/src/share/vm/prims/jvm.cpp:1304
Event: 0.167 Thread 0x00007fe96a809800 Threw 0x0000000135be6320 at /HUDSON/workspace/7u-2-build-macosx-x86_64/jdk7u79/2331/hotspot/src/share/vm/prims/jvm.cpp:1304
Event: 0.167 Thread 0x00007fe96a809800 Threw 0x0000000135be6570 at /HUDSON/workspace/7u-2-build-macosx-x86_64/jdk7u79/2331/hotspot/src/share/vm/prims/jvm.cpp:1304

Events (10 events):
Event: 7.920 Executing VM operation: GetOrSetLocal
Event: 7.920 Executing VM operation: GetOrSetLocal done
Event: 8.234 Executing VM operation: GetOrSetLocal
Event: 8.234 Executing VM operation: GetOrSetLocal done
Event: 8.235 Executing VM operation: GetOrSetLocal
Event: 8.235 Executing VM operation: GetOrSetLocal done
Event: 8.235 Executing VM operation: GetOrSetLocal
Event: 8.235 Executing VM operation: GetOrSetLocal done
Event: 8.236 Executing VM operation: GetOrSetLocal
Event: 8.236 Executing VM operation: GetOrSetLocal done


Dynamic libraries:
0x000000000b962000 	/System/Library/Frameworks/Cocoa.framework/Versions/A/Cocoa
0x000000000b962000 	/System/Library/Frameworks/Security.framework/Versions/A/Security
0x000000000b962000 	/System/Library/Frameworks/ApplicationServices.framework/Versions/A/ApplicationServices
0x000000000b962000 	/usr/lib/libz.1.dylib
0x000000000b962000 	/usr/lib/libSystem.B.dylib
0x000000000b962000 	/usr/lib/libobjc.A.dylib
0x000000000b962000 	/System/Library/Frameworks/CoreFoundation.framework/Versions/A/CoreFoundation
0x000000000b962000 	/System/Library/Frameworks/Foundation.framework/Versions/C/Foundation
0x000000000b962000 	/System/Library/Frameworks/AppKit.framework/Versions/C/AppKit
0x000000000b962000 	/System/Library/Frameworks/CoreData.framework/Versions/A/CoreData
0x000000000b962000 	/System/Library/PrivateFrameworks/RemoteViewServices.framework/Versions/A/RemoteViewServices
0x000000000b962000 	/System/Library/Frameworks/AudioToolbox.framework/Versions/A/AudioToolbox
0x000000000b962000 	/System/Library/Frameworks/AudioUnit.framework/Versions/A/AudioUnit
0x000000000b962000 	/System/Library/PrivateFrameworks/DataDetectorsCore.framework/Versions/A/DataDetectorsCore
0x000000000b962000 	/System/Library/PrivateFrameworks/DesktopServicesPriv.framework/Versions/A/DesktopServicesPriv
0x000000000b962000 	/System/Library/Frameworks/Carbon.framework/Versions/A/Frameworks/HIToolbox.framework/Versions/A/HIToolbox
0x000000000b962000 	/System/Library/Frameworks/QuartzCore.framework/Versions/A/QuartzCore
0x000000000b962000 	/System/Library/Frameworks/Carbon.framework/Versions/A/Frameworks/SpeechRecognition.framework/Versions/A/SpeechRecognition
0x000000000b962000 	/usr/lib/libauto.dylib
0x000000000b962000 	/usr/lib/libicucore.A.dylib
0x000000000b962000 	/usr/lib/libxml2.2.dylib
0x000000000b962000 	/System/Library/PrivateFrameworks/CoreUI.framework/Versions/A/CoreUI
0x000000000b962000 	/System/Library/Frameworks/CoreAudio.framework/Versions/A/CoreAudio
0x000000000b962000 	/System/Library/Frameworks/DiskArbitration.framework/Versions/A/DiskArbitration
0x000000000b962000 	/usr/lib/liblangid.dylib
0x000000000b962000 	/System/Library/PrivateFrameworks/MultitouchSupport.framework/Versions/A/MultitouchSupport
0x000000000b962000 	/System/Library/Frameworks/IOKit.framework/Versions/A/IOKit
0x000000000b962000 	/usr/lib/libDiagnosticMessagesClient.dylib
0x000000000b962000 	/System/Library/Frameworks/CoreServices.framework/Versions/A/CoreServices
0x000000000b962000 	/System/Library/PrivateFrameworks/PerformanceAnalysis.framework/Versions/A/PerformanceAnalysis
0x000000000b962000 	/System/Library/PrivateFrameworks/GenerationalStorage.framework/Versions/A/GenerationalStorage
0x000000000b962000 	/System/Library/Frameworks/OpenGL.framework/Versions/A/OpenGL
0x000000000b962000 	/System/Library/Frameworks/CoreText.framework/Versions/A/CoreText
0x000000000b962000 	/System/Library/Frameworks/ImageIO.framework/Versions/A/ImageIO
0x000000000b962000 	/System/Library/PrivateFrameworks/Backup.framework/Versions/A/Backup
0x000000000b962000 	/System/Library/Frameworks/CFNetwork.framework/Versions/A/CFNetwork
0x000000000b962000 	/System/Library/Frameworks/SystemConfiguration.framework/Versions/A/SystemConfiguration
0x000000000b962000 	/usr/lib/libCRFSuite.dylib
0x000000000b962000 	/System/Library/PrivateFrameworks/TCC.framework/Versions/A/TCC
0x000000000b962000 	/usr/lib/libc++.1.dylib
0x000000000b962000 	/usr/lib/libc++abi.dylib
0x000000000b962000 	/usr/lib/system/libcache.dylib
0x000000000b962000 	/usr/lib/system/libcommonCrypto.dylib
0x000000000b962000 	/usr/lib/system/libcompiler_rt.dylib
0x000000000b962000 	/usr/lib/system/libcopyfile.dylib
0x000000000b962000 	/usr/lib/system/libdispatch.dylib
0x000000000b962000 	/usr/lib/system/libdnsinfo.dylib
0x000000000b962000 	/usr/lib/system/libdyld.dylib
0x000000000b962000 	/usr/lib/system/libkeymgr.dylib
0x000000000b962000 	/usr/lib/system/liblaunch.dylib
0x000000000b962000 	/usr/lib/system/libmacho.dylib
0x000000000b962000 	/usr/lib/system/libquarantine.dylib
0x000000000b962000 	/usr/lib/system/libremovefile.dylib
0x000000000b962000 	/usr/lib/system/libsystem_blocks.dylib
0x000000000b962000 	/usr/lib/system/libsystem_c.dylib
0x000000000b962000 	/usr/lib/system/libsystem_dnssd.dylib
0x000000000b962000 	/usr/lib/system/libsystem_info.dylib
0x000000000b962000 	/usr/lib/system/libsystem_kernel.dylib
0x000000000b962000 	/usr/lib/system/libsystem_m.dylib
0x000000000b962000 	/usr/lib/system/libsystem_network.dylib
0x000000000b962000 	/usr/lib/system/libsystem_notify.dylib
0x000000000b962000 	/usr/lib/system/libsystem_sandbox.dylib
0x000000000b962000 	/usr/lib/system/libunc.dylib
0x000000000b962000 	/usr/lib/system/libunwind.dylib
0x000000000b962000 	/usr/lib/system/libxpc.dylib
0x000000000b962000 	/usr/lib/system/libcorecrypto.dylib
0x000000000b962000 	/usr/lib/libstdc++.6.dylib
0x000000000b962000 	/usr/lib/libbsm.0.dylib
0x000000000b962000 	/usr/lib/libsqlite3.dylib
0x000000000b962000 	/usr/lib/libxar.1.dylib
0x000000000b962000 	/usr/lib/libpam.2.dylib
0x000000000b962000 	/usr/lib/libOpenScriptingUtil.dylib
0x000000000b962000 	/usr/lib/libbz2.1.0.dylib
0x000000000b962000 	/System/Library/Frameworks/CoreServices.framework/Versions/A/Frameworks/CarbonCore.framework/Versions/A/CarbonCore
0x000000000b962000 	/System/Library/Frameworks/CoreServices.framework/Versions/A/Frameworks/Metadata.framework/Versions/A/Metadata
0x000000000b962000 	/System/Library/Frameworks/CoreServices.framework/Versions/A/Frameworks/OSServices.framework/Versions/A/OSServices
0x000000000b962000 	/System/Library/Frameworks/CoreServices.framework/Versions/A/Frameworks/SearchKit.framework/Versions/A/SearchKit
0x000000000b962000 	/System/Library/Frameworks/CoreServices.framework/Versions/A/Frameworks/AE.framework/Versions/A/AE
0x000000000b962000 	/System/Library/Frameworks/CoreServices.framework/Versions/A/Frameworks/LaunchServices.framework/Versions/A/LaunchServices
0x000000000b962000 	/System/Library/Frameworks/CoreServices.framework/Versions/A/Frameworks/DictionaryServices.framework/Versions/A/DictionaryServices
0x000000000b962000 	/System/Library/Frameworks/NetFS.framework/Versions/A/NetFS
0x000000000b962000 	/usr/lib/system/libkxld.dylib
0x000000000b962000 	/System/Library/PrivateFrameworks/NetAuth.framework/Versions/A/NetAuth
0x000000000b962000 	/System/Library/Frameworks/OpenDirectory.framework/Versions/A/Frameworks/CFOpenDirectory.framework/Versions/A/CFOpenDirectory
0x000000000b962000 	/usr/lib/libxslt.1.dylib
0x000000000b962000 	/System/Library/PrivateFrameworks/FamilyControls.framework/Versions/A/FamilyControls
0x000000000b962000 	/System/Library/Frameworks/Carbon.framework/Versions/A/Frameworks/Ink.framework/Versions/A/Ink
0x000000000b962000 	/System/Library/Frameworks/ApplicationServices.framework/Versions/A/Frameworks/CoreGraphics.framework/Versions/A/CoreGraphics
0x000000000b962000 	/System/Library/Frameworks/ApplicationServices.framework/Versions/A/Frameworks/ATS.framework/Versions/A/ATS
0x000000000b962000 	/System/Library/Frameworks/ApplicationServices.framework/Versions/A/Frameworks/ColorSync.framework/Versions/A/ColorSync
0x000000000b962000 	/System/Library/Frameworks/ApplicationServices.framework/Versions/A/Frameworks/HIServices.framework/Versions/A/HIServices
0x000000000b962000 	/System/Library/Frameworks/ApplicationServices.framework/Versions/A/Frameworks/LangAnalysis.framework/Versions/A/LangAnalysis
0x000000000b962000 	/System/Library/Frameworks/ApplicationServices.framework/Versions/A/Frameworks/PrintCore.framework/Versions/A/PrintCore
0x000000000b962000 	/System/Library/Frameworks/ApplicationServices.framework/Versions/A/Frameworks/QD.framework/Versions/A/QD
0x000000000b962000 	/System/Library/Frameworks/ApplicationServices.framework/Versions/A/Frameworks/SpeechSynthesis.framework/Versions/A/SpeechSynthesis
0x000000000b962000 	/System/Library/Frameworks/IOSurface.framework/Versions/A/IOSurface
0x000000000b962000 	/System/Library/Frameworks/Accelerate.framework/Versions/A/Accelerate
0x000000000b962000 	/System/Library/Frameworks/ApplicationServices.framework/Versions/A/Frameworks/ATS.framework/Versions/A/Resources/libFontParser.dylib
0x000000000b962000 	/System/Library/Frameworks/ApplicationServices.framework/Versions/A/Frameworks/ATS.framework/Versions/A/Resources/libFontRegistry.dylib
0x000000000b962000 	/System/Library/Frameworks/Accelerate.framework/Versions/A/Frameworks/vImage.framework/Versions/A/vImage
0x000000000b962000 	/System/Library/Frameworks/Accelerate.framework/Versions/A/Frameworks/vecLib.framework/Versions/A/vecLib
0x000000000b962000 	/System/Library/Frameworks/Accelerate.framework/Versions/A/Frameworks/vecLib.framework/Versions/A/libvDSP.dylib
0x000000000b962000 	/System/Library/Frameworks/Accelerate.framework/Versions/A/Frameworks/vecLib.framework/Versions/A/libvMisc.dylib
0x000000000b962000 	/System/Library/Frameworks/Accelerate.framework/Versions/A/Frameworks/vecLib.framework/Versions/A/libLAPACK.dylib
0x000000000b962000 	/System/Library/Frameworks/Accelerate.framework/Versions/A/Frameworks/vecLib.framework/Versions/A/libBLAS.dylib
0x000000000b962000 	/System/Library/Frameworks/ImageIO.framework/Versions/A/Resources/libJPEG.dylib
0x000000000b962000 	/System/Library/Frameworks/ImageIO.framework/Versions/A/Resources/libTIFF.dylib
0x000000000b962000 	/System/Library/Frameworks/ImageIO.framework/Versions/A/Resources/libPng.dylib
0x000000000b962000 	/System/Library/Frameworks/ImageIO.framework/Versions/A/Resources/libGIF.dylib
0x000000000b962000 	/System/Library/Frameworks/ImageIO.framework/Versions/A/Resources/libJP2.dylib
0x000000000b962000 	/System/Library/Frameworks/ImageIO.framework/Versions/A/Resources/libRadiance.dylib
0x000000000b962000 	/usr/lib/libcups.2.dylib
0x000000000b962000 	/System/Library/Frameworks/Kerberos.framework/Versions/A/Kerberos
0x000000000b962000 	/System/Library/Frameworks/GSS.framework/Versions/A/GSS
0x000000000b962000 	/usr/lib/libresolv.9.dylib
0x000000000b962000 	/usr/lib/libiconv.2.dylib
0x000000000b962000 	/System/Library/PrivateFrameworks/Heimdal.framework/Versions/A/Heimdal
0x000000000b962000 	/System/Library/PrivateFrameworks/TrustEvaluationAgent.framework/Versions/A/TrustEvaluationAgent
0x000000000b962000 	/System/Library/Frameworks/OpenDirectory.framework/Versions/A/OpenDirectory
0x000000000b962000 	/System/Library/PrivateFrameworks/CommonAuth.framework/Versions/A/CommonAuth
0x000000000b962000 	/System/Library/PrivateFrameworks/Bom.framework/Versions/A/Bom
0x000000000b962000 	/System/Library/Frameworks/CoreVideo.framework/Versions/A/CoreVideo
0x000000000b962000 	/System/Library/Frameworks/QuartzCore.framework/Versions/A/Frameworks/CoreImage.framework/Versions/A/CoreImage
0x000000000b962000 	/System/Library/Frameworks/QuartzCore.framework/Versions/A/Frameworks/ScalableUserInterface.framework/Versions/A/ScalableUserInterface
0x000000000b962000 	/System/Library/Frameworks/OpenGL.framework/Versions/A/Libraries/libGLU.dylib
0x000000000b962000 	/System/Library/Frameworks/OpenGL.framework/Versions/A/Libraries/libGFXShared.dylib
0x000000000b962000 	/System/Library/Frameworks/OpenGL.framework/Versions/A/Libraries/libGL.dylib
0x000000000b962000 	/System/Library/Frameworks/OpenGL.framework/Versions/A/Libraries/libGLImage.dylib
0x000000000b962000 	/System/Library/Frameworks/OpenGL.framework/Versions/A/Libraries/libCVMSPluginSupport.dylib
0x000000000b962000 	/System/Library/Frameworks/OpenGL.framework/Versions/A/Libraries/libCoreVMClient.dylib
0x000000000b962000 	/System/Library/PrivateFrameworks/CrashReporterSupport.framework/Versions/A/CrashReporterSupport
0x000000000b962000 	/System/Library/Frameworks/OpenCL.framework/Versions/A/OpenCL
0x000000000b962000 	/System/Library/PrivateFrameworks/FaceCoreLight.framework/Versions/A/FaceCoreLight
0x000000000b962000 	/System/Library/PrivateFrameworks/AppleFSCompression.framework/Versions/A/AppleFSCompression
0x000000000b962000 	/System/Library/PrivateFrameworks/Ubiquity.framework/Versions/A/Ubiquity
0x000000000b962000 	/System/Library/Frameworks/ServiceManagement.framework/Versions/A/ServiceManagement
0x000000000b962000 	/System/Library/PrivateFrameworks/ChunkingLibrary.framework/Versions/A/ChunkingLibrary
0x000000000b962000 	/System/Library/Frameworks/vecLib.framework/Versions/A/vecLib
0x000000000b962000 	/System/Library/Frameworks/SecurityFoundation.framework/Versions/A/SecurityFoundation
0x000000000b962000 	/System/Library/PrivateFrameworks/CommerceKit.framework/Versions/A/Frameworks/CommerceCore.framework/Versions/A/CommerceCore
0x000000000b962000 	/System/Library/PrivateFrameworks/CoreSymbolication.framework/Versions/A/CoreSymbolication
0x000000000b962000 	/System/Library/PrivateFrameworks/Symbolication.framework/Versions/A/Symbolication
0x000000000b962000 	/System/Library/PrivateFrameworks/DebugSymbols.framework/Versions/A/DebugSymbols
0x0000000102028000 	/Library/Java/JavaVirtualMachines/jdk1.7.0_79.jdk/Contents/Home/jre/lib/server/libjvm.dylib
0x0000000102b8e000 	/Library/Java/JavaVirtualMachines/jdk1.7.0_79.jdk/Contents/Home/jre/lib/libverify.dylib
0x0000000102b9b000 	/Library/Java/JavaVirtualMachines/jdk1.7.0_79.jdk/Contents/Home/jre/lib/libjava.dylib
0x0000000102bcc000 	/Library/Java/JavaVirtualMachines/jdk1.7.0_79.jdk/Contents/Home/jre/lib/libjdwp.dylib
0x0000000102c09000 	/Library/Java/JavaVirtualMachines/jdk1.7.0_79.jdk/Contents/Home/jre/lib/libnpt.dylib
0x0000000102c99000 	/Library/Java/JavaVirtualMachines/jdk1.7.0_79.jdk/Contents/Home/jre/lib/libzip.dylib
0x000000014e9eb000 	/System/Library/Frameworks/JavaVM.framework/Frameworks/JavaRuntimeSupport.framework/JavaRuntimeSupport
0x000000014ea03000 	/System/Library/Frameworks/JavaVM.framework/Versions/A/Frameworks/JavaNativeFoundation.framework/Versions/A/JavaNativeFoundation
0x000000014ea18000 	/System/Library/Frameworks/JavaVM.framework/Versions/A/JavaVM
0x000000000b962000 	/System/Library/Frameworks/Carbon.framework/Versions/A/Carbon
0x000000014ea25000 	/System/Library/PrivateFrameworks/JavaLaunching.framework/Versions/A/JavaLaunching
0x000000000b962000 	/System/Library/Frameworks/Carbon.framework/Versions/A/Frameworks/CommonPanels.framework/Versions/A/CommonPanels
0x000000000b962000 	/System/Library/Frameworks/Carbon.framework/Versions/A/Frameworks/Help.framework/Versions/A/Help
0x000000000b962000 	/System/Library/Frameworks/Carbon.framework/Versions/A/Frameworks/ImageCapture.framework/Versions/A/ImageCapture
0x000000000b962000 	/System/Library/Frameworks/Carbon.framework/Versions/A/Frameworks/OpenScripting.framework/Versions/A/OpenScripting
0x000000000b962000 	/System/Library/Frameworks/Carbon.framework/Versions/A/Frameworks/Print.framework/Versions/A/Print
0x000000000b962000 	/System/Library/Frameworks/Carbon.framework/Versions/A/Frameworks/SecurityHI.framework/Versions/A/SecurityHI
0x000000014ecc8000 	/Library/Java/JavaVirtualMachines/jdk1.7.0_79.jdk/Contents/Home/jre/lib/libdt_socket.dylib

VM Arguments:
jvm_args: -agentlib:jdwp=transport=dt_socket,suspend=y,address=localhost:57326 -Dfile.encoding=MacRoman 
java_command: RecursiveAnagram
Launcher Type: SUN_STANDARD

Environment Variables:
PATH=/usr/bin:/bin:/usr/sbin:/sbin
SHELL=/bin/bash

Signal Handlers:
SIGSEGV: [libjvm.dylib+0x52daf1], sa_mask[0]=0xfffefeff, sa_flags=0x00000043
SIGBUS: [libjvm.dylib+0x52daf1], sa_mask[0]=0xfffefeff, sa_flags=0x00000042
SIGFPE: [libjvm.dylib+0x41f34e], sa_mask[0]=0xfffefeff, sa_flags=0x00000042
SIGPIPE: [libjvm.dylib+0x41f34e], sa_mask[0]=0xfffefeff, sa_flags=0x00000042
SIGXFSZ: [libjvm.dylib+0x41f34e], sa_mask[0]=0xfffefeff, sa_flags=0x00000042
SIGILL: [libjvm.dylib+0x41f34e], sa_mask[0]=0xfffefeff, sa_flags=0x00000042
SIGUSR1: SIG_DFL, sa_mask[0]=0x00000000, sa_flags=0x00000002
SIGUSR2: [libjvm.dylib+0x41ee40], sa_mask[0]=0x00000004, sa_flags=0x00000042
SIGHUP: [libjvm.dylib+0x41d0d1], sa_mask[0]=0xfffefeff, sa_flags=0x00000042
SIGINT: [libjvm.dylib+0x41d0d1], sa_mask[0]=0xfffefeff, sa_flags=0x00000042
SIGTERM: [libjvm.dylib+0x41d0d1], sa_mask[0]=0xfffefeff, sa_flags=0x00000042
SIGQUIT: [libjvm.dylib+0x41d0d1], sa_mask[0]=0xfffefeff, sa_flags=0x00000042


---------------  S Y S T E M  ---------------

OS:Bsduname:Darwin 12.6.0 Darwin Kernel Version 12.6.0: Wed Mar 18 16:23:48 PDT 2015; root:xnu-2050.48.19~1/RELEASE_X86_64 x86_64
rlimit: STACK 8192k, CORE 0k, NPROC 709, NOFILE 10240, AS infinity
load average:0.59 0.55 0.50

CPU:total 2 (2 cores per cpu, 1 threads per core) family 6 model 23 stepping 10, cmov, cx8, fxsr, mmx, sse, sse2, sse3, ssse3, sse4.1, tsc

Memory: 4k page, physical 4194304k(1048576k free)

/proc/meminfo:


vm_info: Java HotSpot(TM) 64-Bit Server VM (24.79-b02) for bsd-amd64 JRE (1.7.0_79-b15), built on Apr 10 2015 11:35:04 by "java_re" with gcc 4.2.1 (Based on Apple Inc. build 5658) (LLVM build 2336.11.00)

time: Thu Jan 19 11:22:17 2017
elapsed time: 8 seconds

